<?xml version="1.0" encoding="UTF-8"?>
<!-- Generated by org.testng.reporters.JUnitReportReporter -->
<testsuite hostname="LAPTOP-24PADF7D" failures="0" tests="1" name="TEST_CLASSES.TestKite1" time="32.556" errors="0" timestamp="2021-12-18T13:18:54 IST" skipped="0">
  <testcase classname="TEST_CLASSES.TestKite1" name="validateuID" time="32.556"/>
  <system-out>
    <![CDATA[Validating Uid
IDs are matching TC is Passed
Taking screenshot]]>
  </system-out>
</testsuite> <!-- TEST_CLASSES.TestKite1 -->
